<?xml version="1.0" encoding="UTF-8"?>
<testng-results skipped="0" failed="0" ignored="0" total="0" passed="0">
  <reporter-output>
  </reporter-output>
  <suite name="Suite" duration-ms="4" started-at="2019-09-20T02:53:33Z" finished-at="2019-09-20T02:53:33Z">
    <groups>
    </groups>
    <test name="Test" duration-ms="4" started-at="2019-09-20T02:53:33Z" finished-at="2019-09-20T02:53:33Z">
      <class name="com.testcases.HRM_Login">
        <test-method status="PASS" signature="loginhrm()[pri:0, instance:com.testcases.HRM_Login@7a5d012c]" name="loginhrm" is-config="true" duration-ms="5146" started-at="2019-09-20T02:53:28Z" finished-at="2019-09-20T02:53:33Z">
          <reporter-output>
          </reporter-output>
        </test-method> <!-- loginhrm -->
        <test-method status="PASS" signature="close()[pri:0, instance:com.testcases.HRM_Login@7a5d012c]" name="close" is-config="true" duration-ms="2347" started-at="2019-09-20T02:53:33Z" finished-at="2019-09-20T02:53:35Z">
          <reporter-output>
          </reporter-output>
        </test-method> <!-- close -->
      </class> <!-- com.testcases.HRM_Login -->
    </test> <!-- Test -->
  </suite> <!-- Suite -->
</testng-results>
