<?xml version="1.0" encoding="UTF-8"?>
<testng-results skipped="0" failed="0" ignored="0" total="0" passed="0">
  <reporter-output>
  </reporter-output>
  <suite name="Suite" duration-ms="7" started-at="2019-09-20T02:44:35Z" finished-at="2019-09-20T02:44:35Z">
    <groups>
    </groups>
    <test name="Test" duration-ms="7" started-at="2019-09-20T02:44:35Z" finished-at="2019-09-20T02:44:35Z">
      <class name="com.testcases.HRM_Login">
        <test-method status="PASS" signature="loginhrm()[pri:0, instance:com.testcases.HRM_Login@1b604f19]" name="loginhrm" is-config="true" duration-ms="7733" started-at="2019-09-20T02:44:28Z" finished-at="2019-09-20T02:44:35Z">
          <reporter-output>
          </reporter-output>
        </test-method> <!-- loginhrm -->
        <test-method status="PASS" signature="close()[pri:0, instance:com.testcases.HRM_Login@1b604f19]" name="close" is-config="true" duration-ms="2420" started-at="2019-09-20T02:44:35Z" finished-at="2019-09-20T02:44:38Z">
          <reporter-output>
          </reporter-output>
        </test-method> <!-- close -->
      </class> <!-- com.testcases.HRM_Login -->
    </test> <!-- Test -->
  </suite> <!-- Suite -->
</testng-results>
